Log file open, 06/20/19 21:32:36
LogInit:Display: Running engine for game: RocketJumperLeague
LogInit:Display: Project file not found: ../../../RocketJumperLeague/RocketJumperLeague.uproject
LogInit:Display: 	Attempting to find via project info helper.
LogUProjectInfo: Found projects:
LogPlatformFile: Not using cached read wrapper
LogInit:Display: RandInit(1677795266) SRandInit(1677795266).
LogTaskGraph: Started task graph with 5 named threads and 9 total threads with 1 sets of task threads.
LogStats: Stats thread started at 0.103718
LogInit: Using libcurl 7.47.1
LogInit:  - built for x86_64-pc-win32
LogInit:  - supports SSL with OpenSSL/1.0.2g
LogInit:  - supports HTTP deflate (compression) using libz 1.2.8
LogInit:  - other features:
LogInit:      CURL_VERSION_SSL
LogInit:      CURL_VERSION_LIBZ
LogInit:      CURL_VERSION_IPV6
LogInit:      CURL_VERSION_ASYNCHDNS
LogInit:      CURL_VERSION_LARGEFILE
LogInit:      CURL_VERSION_IDN
LogInit:  CurlRequestOptions (configurable via config and command line):
LogInit:  - bVerifyPeer = false  - Libcurl will NOT verify peer certificate
LogInit:  - bUseHttpProxy = false  - Libcurl will NOT use HTTP proxy
LogInit:  - bDontReuseConnections = false  - Libcurl will reuse connections
LogInit:  - CertBundlePath = nullptr  - Libcurl will use whatever was configured at build time.
LogInit: Build: ++UE4+Release-4.16-CL-3561208
LogInit: Engine Version: 4.16.3-3561208+++UE4+Release-4.16
LogInit: Compatible Engine Version: 4.16.0-3452394+++UE4+Release-4.16
LogInit: Net CL: 3452394
LogDevObjectVersion: Number of dev versions registered: 16
LogDevObjectVersion:   Dev-Blueprints (B0D832E4-1F89-4F0D-ACCF-7EB736FD4AA2): 9
LogDevObjectVersion:   Dev-Build (E1C64328-A22C-4D53-A36C-8E866417BD8C): 0
LogDevObjectVersion:   Dev-Core (375EC13C-06E4-48FB-B500-84F0262A717E): 2
LogDevObjectVersion:   Dev-Editor (E4B068ED-F494-42E9-A231-DA0B2E46BB41): 17
LogDevObjectVersion:   Dev-Framework (CFFC743F-43B0-4480-9391-14DF171D2073): 23
LogDevObjectVersion:   Dev-Mobile (B02B49B5-BB20-44E9-A304-32B752E40360): 0
LogDevObjectVersion:   Dev-Networking (A4E4105C-59A1-49B5-A7C5-40C4547EDFEE): 0
LogDevObjectVersion:   Dev-Online (39C831C9-5AE6-47DC-9A44-9C173E1C8E7C): 0
LogDevObjectVersion:   Dev-Physics (78F01B33-EBEA-4F98-B9B4-84EACCB95AA2): 0
LogDevObjectVersion:   Dev-Platform (6631380F-2D4D-43E0-8009-CF276956A95A): 0
LogDevObjectVersion:   Dev-Rendering (12F88B9F-8875-4AFC-A67C-D90C383ABD29): 15
LogDevObjectVersion:   Dev-Sequencer (7B5AE74C-D270-4C10-A958-57980B212A5A): 4
LogDevObjectVersion:   Dev-VR (D7296918-1DD6-4BDD-9DE2-64A83CC13884): 0
LogDevObjectVersion:   Dev-LoadTimes (C2A15278-BFE7-4AFE-6C17-90FF531DF755): 1
LogDevObjectVersion:   Private-Geometry (6EACA3D4-40EC-4CC1-B786-8BED09428FC5): 1
LogDevObjectVersion:   Dev-AnimPhys (29E575DD-E0A3-4627-9D10-D276232CDCEA): 3
LogInit: Compiled (64-bit): Jul 28 2017 11:52:15
LogInit: Compiled with Visual C++: 19.00.24215.01
LogInit: Build Configuration: Development
LogInit: Branch Name: ++UE4+Release-4.16
LogInit: Command line:  
LogInit: Base directory: d:/Users/Joan/Desktop/Unreal Projects/RocketJumperLeague/WindowsNoEditor/Engine/Binaries/Win64/
LogInit: Installed Engine Build: 0
LogInit: Presizing for max 2097152 objects, including 0 objects not considered by GC, pre-allocating 0 bytes for permanent pool.
LogStreaming:Display: Async Loading initialized: Event Driven Loader: true, Async Loading Thread: false
LogInit: Object subsystem initialized
[2019.06.20-19.32.37:057][  0]LogInit: Selected Device Profile: [WindowsNoEditor]
[2019.06.20-19.32.37:057][  0]LogInit: Applying CVar settings loaded from the selected device profile: [WindowsNoEditor]
[2019.06.20-19.32.37:069][  0]LogInit: Computer: JOAN
[2019.06.20-19.32.37:069][  0]LogInit: User: Joan
[2019.06.20-19.32.37:069][  0]LogInit: CPU Page size=4096, Cores=6
[2019.06.20-19.32.37:069][  0]LogInit: High frequency timer resolution =10.000000 MHz
[2019.06.20-19.32.37:070][  0]LogMemory: Memory total: Physical=7.9GB (8GB approx)
[2019.06.20-19.32.37:070][  0]LogMemory: Platform Memory Stats for WindowsNoEditor
[2019.06.20-19.32.37:070][  0]LogMemory: Process Physical Memory: 91.75 MB used, 91.75 MB peak
[2019.06.20-19.32.37:070][  0]LogMemory: Process Virtual Memory: 103.45 MB used, 103.45 MB peak
[2019.06.20-19.32.37:070][  0]LogMemory: Physical Memory: 5368.31 MB used,  2696.99 MB free, 8065.30 MB total
[2019.06.20-19.32.37:070][  0]LogMemory: Virtual Memory: 4462.57 MB used,  2696.99 MB free, 134217728.00 MB total
[2019.06.20-19.32.40:627][  0]LogInit: Using OS detected language (es-ES).
[2019.06.20-19.32.40:627][  0]LogInit: Using OS detected locale (es-ES).
[2019.06.20-19.32.40:627][  0]LogTextLocalizationManager: No localization for 'es-ES' exists, so 'en' will be used for the language.
[2019.06.20-19.32.40:628][  0]LogTextLocalizationManager: No localization for 'es-ES' exists, so 'en' will be used for the locale.
[2019.06.20-19.32.40:727][  0]LogD3D11RHI: D3D11 adapters:
[2019.06.20-19.32.40:821][  0]LogD3D11RHI:    0. 'NVIDIA GeForce GTX 1050' (Feature Level 11_0)
[2019.06.20-19.32.40:821][  0]LogD3D11RHI:       4021/0/4032 MB DedicatedVideo/DedicatedSystem/SharedSystem, Outputs:1, VendorId:0x10de
[2019.06.20-19.32.40:896][  0]LogD3D11RHI:    1. 'Intel(R) UHD Graphics 630' (Feature Level 11_0)
[2019.06.20-19.32.40:896][  0]LogD3D11RHI:       128/0/4032 MB DedicatedVideo/DedicatedSystem/SharedSystem, Outputs:0, VendorId:0x8086
[2019.06.20-19.32.40:898][  0]LogD3D11RHI:    2. 'Microsoft Basic Render Driver' (Feature Level 11_0)
[2019.06.20-19.32.40:898][  0]LogD3D11RHI:       0/0/4032 MB DedicatedVideo/DedicatedSystem/SharedSystem, Outputs:0, VendorId:0x1414
[2019.06.20-19.32.40:898][  0]LogD3D11RHI: Chosen D3D11 Adapter: 0
[2019.06.20-19.32.40:914][  0]LogD3D11RHI: Creating new Direct3DDevice
[2019.06.20-19.32.40:914][  0]LogD3D11RHI:     GPU DeviceId: 0x1c8d (for the marketing name, search the web for "GPU Device Id")
[2019.06.20-19.32.40:914][  0]LogWindows: EnumDisplayDevices:
[2019.06.20-19.32.40:914][  0]LogWindows:    0. 'Intel(R) UHD Graphics 630' (P:1 D:1)
[2019.06.20-19.32.40:914][  0]LogWindows:    1. 'Intel(R) UHD Graphics 630' (P:0 D:0)
[2019.06.20-19.32.40:915][  0]LogWindows:    2. 'Intel(R) UHD Graphics 630' (P:0 D:0)
[2019.06.20-19.32.40:915][  0]LogWindows: DebugString: GetVideoDriverDetailsInvalid PrimaryIsNotTheChoosenAdapter GetVideoDriverDetailsInvalid PrimaryIsNotTheChoosenAdapter GetVideoDriverDetailsInvalid PrimaryIsNotTheChoosenAdapter FoundDriverCount:0 
[2019.06.20-19.32.40:915][  0]LogD3D11RHI:     Adapter Name: NVIDIA GeForce GTX 1050
[2019.06.20-19.32.40:915][  0]LogD3D11RHI:   Driver Version: Unknown (internal:Unknown, unified:Unknown)
[2019.06.20-19.32.40:915][  0]LogD3D11RHI:      Driver Date: Unknown
[2019.06.20-19.32.40:915][  0]LogRHI: Texture pool is 1361 MB (70% of 1945 MB)
[2019.06.20-19.32.40:960][  0]LogD3D11RHI: Async texture creation enabled
[2019.06.20-19.32.40:998][  0]LogD3D11RHI: GPU Timing Frequency: 1000.000000 (Debug: 2 1)
[2019.06.20-19.32.41:042][  0]LogMaterial: Verifying Global Shaders for PCD3D_SM5
[2019.06.20-19.32.41:043][  0]LogSlate: Using Freetype 2.6.0
[2019.06.20-19.32.41:050][  0]LogSlate: SlateFontCache - WITH_FREETYPE: 1, WITH_HARFBUZZ: 1
[2019.06.20-19.32.41:050][  0]LogSlate: SlateFontCache - WITH_FREETYPE: 1, WITH_HARFBUZZ: 1
[2019.06.20-19.32.41:164][  0]LogAssetRegistry: FAssetRegistry took 0.0272 seconds to start up
[2019.06.20-19.32.41:237][  0]LogPackageLocalizationCache: Processed 4 localized package path(s) for 1 prioritized culture(s) in 0.001723 seconds
[2019.06.20-19.32.41:237][  0]LogPakFile: New pak file ../../../RocketJumperLeague/Content/Paks/RocketJumperLeague-WindowsNoEditor.pak added to pak precacher.
[2019.06.20-19.32.41:250][  0]LogInit: Selected Device Profile: [WindowsNoEditor]
[2019.06.20-19.32.41:328][  0]LogContentStreaming: Texture pool size is 1000.00 MB
[2019.06.20-19.32.42:149][  0]LogNetVersion: RocketJumperLeague , NetCL: 3452394, EngineNetVer: 2, GameNetVer: 0 (Checksum: 2451414599)
[2019.06.20-19.32.42:352][  0]LogInit: WinSock: version 1.1 (2.2), MaxSocks=32767, MaxUdp=65467
[2019.06.20-19.32.42:578][  0]LogMoviePlayer: Initializing movie player
[2019.06.20-19.32.42:730][  0]LogAndroidPermission: UAndroidPermissionCallbackProxy::GetInstance
[2019.06.20-19.32.42:957][  0]LogUObjectArray: 29858 objects as part of root set at end of initial load.
[2019.06.20-19.32.42:957][  0]LogUObjectAllocator: 5964784 out of 0 bytes used by permanent object pool.
[2019.06.20-19.32.42:957][  0]LogUObjectArray: CloseDisregardForGC: 0/0 objects in disregard for GC pool
[2019.06.20-19.32.42:968][  0]LogEngine: Initializing Engine...
[2019.06.20-19.32.42:969][  0]LogHMD: Failed to initialize OpenVR with code 110
[2019.06.20-19.32.42:981][  0]LogStreaming:Error: Couldn't find file for package /Script/Engine requested by async loading code. NameToLoad: /Script/Engine
[2019.06.20-19.32.44:157][  0]LogStats: UGameplayTagsManager::ConstructGameplayTagTree: Construct from data asset -  0.000 s
[2019.06.20-19.32.44:157][  0]LogStats: UGameplayTagsManager::ConstructGameplayTagTree: GameplayTagTreeChangedEvent.Broadcast -  0.000 s
[2019.06.20-19.32.44:685][  0]LogInit: XAudio2 using 'Altavoces (Realtek(R) Audio)' : 2 channels at 48 kHz using 32 bits per sample (channel mask 0x3)
[2019.06.20-19.32.46:205][  0]LogInit: FAudioDevice initialized.
[2019.06.20-19.32.46:216][  0]LogInit: Texture streaming: Enabled
[2019.06.20-19.32.46:230][  0]LogInit:Display: Game Engine Initialized.
[2019.06.20-19.32.46:231][  0]LogInit:Display: Starting Game.
[2019.06.20-19.32.46:231][  0]LogNet: Browse: /Game/ThirdPersonBP/Maps/Menu?Name=Player
[2019.06.20-19.32.46:234][  0]LogLoad: LoadMap: /Game/ThirdPersonBP/Maps/Menu?Name=Player
[2019.06.20-19.32.46:250][  0]LogMemory: Platform Memory Stats for WindowsNoEditor
[2019.06.20-19.32.46:250][  0]LogMemory: Process Physical Memory: 232.46 MB used, 308.33 MB peak
[2019.06.20-19.32.46:250][  0]LogMemory: Process Virtual Memory: 342.38 MB used, 392.89 MB peak
[2019.06.20-19.32.46:250][  0]LogMemory: Physical Memory: 5539.77 MB used,  2525.53 MB free, 8065.30 MB total
[2019.06.20-19.32.46:250][  0]LogMemory: Virtual Memory: 5011.46 MB used,  2525.53 MB free, 134217728.00 MB total
[2019.06.20-19.32.46:250][  0]LogMemory: 
[2019.06.20-19.32.46:250][  0]Allocator Stats for binned2: (not implemented)
[2019.06.20-19.32.47:814][  0]LogAIModule: Creating AISystem for world Menu
[2019.06.20-19.32.47:814][  0]LogLoad: Game class is 'ThirdPersonGameMode_C'
[2019.06.20-19.32.47:816][  0]LogWorld: Bringing World /Game/ThirdPersonBP/Maps/Menu.Menu up for play (max tick rate 0) at 2019.06.20-21.32.47
[2019.06.20-19.32.47:816][  0]LogWorld: Bringing up level for play took: 0.000338
[2019.06.20-19.32.47:816][  0]LogGameMode: FindPlayerStart: PATHS NOT DEFINED or NO PLAYERSTART with positive rating
[2019.06.20-19.32.47:822][  0]LogUMG:Display: Widget Class HUD_C - Loaded Fast Template.
[2019.06.20-19.32.47:823][  0]LogUMG:Display: Widget Class MenuW_C - Loaded Fast Template.
[2019.06.20-19.32.47:823][  0]LogLoad: Took 1.589649 seconds to LoadMap(/Game/ThirdPersonBP/Maps/Menu)
[2019.06.20-19.32.47:841][  0]LogSlate: Took 0.016429 seconds to synchronously load lazily loaded font '../../../RocketJumperLeague/Content/CRAPOLA.ufont' (39K)
[2019.06.20-19.32.47:871][  0]LogLoad: (Engine Initialization) Total time: 11.39 seconds
[2019.06.20-19.32.47:871][  0]LogExternalProfiler: No external profilers were discovered.  External profiling features will not be available.
[2019.06.20-19.32.47:889][  0]LogOcInput: OculusInput pre-init called
[2019.06.20-19.32.47:889][  0]LogHMD: Starting GearVRController plugin
[2019.06.20-19.32.47:921][  2]LogRenderer: Reallocating scene render targets to support 1536x864 NumSamples 1 (Frame:1).
[2019.06.20-19.33.01:465][835]LogSlate: Took 0.016942 seconds to synchronously load lazily loaded font '../../../Engine/Content/Slate/Fonts/Roboto-Regular.ttf' (155K)
[2019.06.20-19.33.24:114][240]LogNet: Browse: /Game/ThirdPersonBP/Maps/Tutorial
[2019.06.20-19.33.24:114][240]LogLoad: LoadMap: /Game/ThirdPersonBP/Maps/Tutorial
[2019.06.20-19.33.24:135][240]LogMemory: Platform Memory Stats for WindowsNoEditor
[2019.06.20-19.33.24:135][240]LogMemory: Process Physical Memory: 253.66 MB used, 405.75 MB peak
[2019.06.20-19.33.24:135][240]LogMemory: Process Virtual Memory: 610.79 MB used, 781.58 MB peak
[2019.06.20-19.33.24:135][240]LogMemory: Physical Memory: 5505.77 MB used,  2559.53 MB free, 8065.30 MB total
[2019.06.20-19.33.24:135][240]LogMemory: Virtual Memory: 5325.38 MB used,  2559.53 MB free, 134217728.00 MB total
[2019.06.20-19.33.24:135][240]LogMemory: 
[2019.06.20-19.33.24:135][240]Allocator Stats for binned2: (not implemented)
[2019.06.20-19.33.25:606][240]LogAIModule: Creating AISystem for world Tutorial
[2019.06.20-19.33.25:607][240]LogLoad: Game class is 'ThirdPersonGameMode_C'
[2019.06.20-19.33.25:616][240]LogWorld: Bringing World /Game/ThirdPersonBP/Maps/Tutorial.Tutorial up for play (max tick rate 0) at 2019.06.20-21.33.25
[2019.06.20-19.33.25:617][240]LogWorld: Bringing up level for play took: 0.002487
[2019.06.20-19.33.25:617][240]LogUMG:Display: Widget Class HUD_C - Loaded Fast Template.
[2019.06.20-19.33.25:618][240]LogUMG:Display: Widget Class TutorialW_C - Loaded Fast Template.
[2019.06.20-19.33.25:618][240]LogLoad: Took 1.504601 seconds to LoadMap(/Game/ThirdPersonBP/Maps/Tutorial)
[2019.06.20-19.33.25:645][240]LogSlate: Took 0.000036 seconds to synchronously load lazily loaded font '../../../RocketJumperLeague/Content/CRAPOLA.ufont' (39K)
[2019.06.20-19.33.25:652][241]LogSlate: Took 0.003995 seconds to synchronously load lazily loaded font '../../../RocketJumperLeague/Content/CRAPOLA.ufont' (39K)
[2019.06.20-19.33.25:652][241]LogSlate: Took 0.000080 seconds to synchronously load lazily loaded font '../../../Engine/Content/Slate/Fonts/Roboto-Regular.ttf' (155K)
[2019.06.20-19.33.37:580][928]LogParticles:Warning: Stalled gamethread waiting for particles 0.042900ms 'ParticleSystemComponent /Game/ThirdPersonBP/Maps/Tutorial.Tutorial:PersistentLevel.Goal_515.ParticleSystem' 'ParticleSystem /Game/StarterContent/Particles/P_Fire.P_Fire'
[2019.06.20-19.33.37:598][929]LogScriptCore:Warning: Script Msg: Attempted to access index 1 from array Goals of length 1!
[2019.06.20-19.33.37:598][929]LogScript:Warning: Accessed None trying to read property CallFunc_Array_Get_Item
	Tutorial_C /Game/ThirdPersonBP/Maps/Tutorial.Tutorial:PersistentLevel.Tutorial_C_0
	Function /Game/ThirdPersonBP/Maps/Tutorial.Tutorial_C:ExecuteUbergraph_Tutorial:00E8
[2019.06.20-19.33.37:598][929]LogScript:Warning: Script call stack:
	Function /Game/ThirdPersonBP/Maps/Tutorial.Tutorial_C:ReceiveTick
	Function /Game/ThirdPersonBP/Maps/Tutorial.Tutorial_C:ExecuteUbergraph_Tutorial

[2019.06.20-19.33.37:618][930]LogNet: Browse: /Game/ThirdPersonBP/Maps/Tutorial1
[2019.06.20-19.33.37:631][930]LogLoad: LoadMap: /Game/ThirdPersonBP/Maps/Tutorial1
[2019.06.20-19.33.37:667][930]LogMemory: Platform Memory Stats for WindowsNoEditor
[2019.06.20-19.33.37:667][930]LogMemory: Process Physical Memory: 282.38 MB used, 412.00 MB peak
[2019.06.20-19.33.37:667][930]LogMemory: Process Virtual Memory: 818.13 MB used, 966.65 MB peak
[2019.06.20-19.33.37:667][930]LogMemory: Physical Memory: 5580.06 MB used,  2485.24 MB free, 8065.30 MB total
[2019.06.20-19.33.37:667][930]LogMemory: Virtual Memory: 5517.06 MB used,  2485.24 MB free, 134217728.00 MB total
[2019.06.20-19.33.37:667][930]LogMemory: 
[2019.06.20-19.33.37:667][930]Allocator Stats for binned2: (not implemented)
[2019.06.20-19.33.38:154][930]LogAIModule: Creating AISystem for world Tutorial1
[2019.06.20-19.33.38:156][930]LogLoad: Game class is 'ThirdPersonGameMode_C'
[2019.06.20-19.33.38:163][930]LogWorld: Bringing World /Game/ThirdPersonBP/Maps/Tutorial1.Tutorial1 up for play (max tick rate 0) at 2019.06.20-21.33.38
[2019.06.20-19.33.38:163][930]LogWorld: Bringing up level for play took: 0.003090
[2019.06.20-19.33.38:164][930]LogUMG:Display: Widget Class HUD_C - Loaded Fast Template.
[2019.06.20-19.33.38:165][930]LogUMG:Display: Widget Class TutorialW1_C - Loaded Fast Template.
[2019.06.20-19.33.38:165][930]LogLoad: Took 0.534469 seconds to LoadMap(/Game/ThirdPersonBP/Maps/Tutorial1)
[2019.06.20-19.33.38:167][930]LogSlate: Took 0.000119 seconds to synchronously load lazily loaded font '../../../RocketJumperLeague/Content/CRAPOLA.ufont' (39K)
[2019.06.20-19.33.38:174][931]LogSlate: Took 0.000109 seconds to synchronously load lazily loaded font '../../../RocketJumperLeague/Content/CRAPOLA.ufont' (39K)
[2019.06.20-19.33.57:143][ 77]LogSlate: Took 0.000253 seconds to synchronously load lazily loaded font '../../../Engine/Content/Slate/Fonts/Roboto-Regular.ttf' (155K)
[2019.06.20-19.34.40:594][769]LogSlate: Request Window 'RocketJumperLeague (64-bit, PCD3D_SM5)' being destroyed
[2019.06.20-19.34.40:624][769]LogSlate: Window 'RocketJumperLeague (64-bit, PCD3D_SM5)' being destroyed
[2019.06.20-19.34.40:625][769]LogWindowsTextInputMethodSystem:Display: IME system now deactivated.
[2019.06.20-19.34.40:634][769]LogEngine: All Windows Closed
[2019.06.20-19.34.40:634][769]LogWindows: FPlatformMisc::RequestExit(0)
[2019.06.20-19.34.41:050][770]LogExit: Preparing to exit.
[2019.06.20-19.34.41:050][770]LogMoviePlayer: Shutting down movie player
[2019.06.20-19.34.41:144][770]LogExit: Game engine shut down
[2019.06.20-19.34.41:176][770]LogObj: Freed 176b from 1 cluster array pools.
[2019.06.20-19.34.41:176][770]LogExit: Object subsystem successfully closed.
[2019.06.20-19.34.41:187][770]LogD3D11RHI: Shutdown
[2019.06.20-19.34.41:187][770]LogD3D11RHI: CleanupD3DDevice
[2019.06.20-19.34.41:262][770]LogD3D11RHI: ~FD3D11DynamicRHI
[2019.06.20-19.34.41:264][770]LogModuleManager: Shutting down and abandoning module AutomationController (156)
[2019.06.20-19.34.41:264][770]LogModuleManager: Shutting down and abandoning module AutomationWorker (154)
[2019.06.20-19.34.41:264][770]LogModuleManager: Shutting down and abandoning module AIModule (152)
[2019.06.20-19.34.41:264][770]LogModuleManager: Shutting down and abandoning module GameplayDebugger (151)
[2019.06.20-19.34.41:264][770]LogModuleManager: Shutting down and abandoning module WmfMediaFactory (148)
[2019.06.20-19.34.41:264][770]LogModuleManager: Shutting down and abandoning module AvfMediaFactory (146)
[2019.06.20-19.34.41:264][770]LogModuleManager: Shutting down and abandoning module AndroidMediaFactory (144)
[2019.06.20-19.34.41:264][770]LogModuleManager: Shutting down and abandoning module Media (143)
[2019.06.20-19.34.41:264][770]LogModuleManager: Shutting down and abandoning module CharacterAI (140)
[2019.06.20-19.34.41:264][770]LogModuleManager: Shutting down and abandoning module SessionServices (138)
[2019.06.20-19.34.41:264][770]LogModuleManager: Shutting down and abandoning module MovieSceneTracks (136)
[2019.06.20-19.34.41:264][770]LogModuleManager: Shutting down and abandoning module MovieScene (134)
[2019.06.20-19.34.41:264][770]LogModuleManager: Shutting down and abandoning module GeometryCache (132)
[2019.06.20-19.34.41:264][770]LogModuleManager: Shutting down and abandoning module Niagara (130)
[2019.06.20-19.34.41:264][770]LogModuleManager: Shutting down and abandoning module StreamingPauseRendering (128)
[2019.06.20-19.34.41:264][770]LogModuleManager: Shutting down and abandoning module AnalyticsET (126)
[2019.06.20-19.34.41:264][770]LogModuleManager: Shutting down and abandoning module ProfilerService (124)
[2019.06.20-19.34.41:429][770]LogModuleManager: Shutting down and abandoning module TaskGraph (122)
[2019.06.20-19.34.41:429][770]LogModuleManager: Shutting down and abandoning module HTML5Networking (118)
[2019.06.20-19.34.41:429][770]LogModuleManager: Shutting down and abandoning module SteamVRController (116)
[2019.06.20-19.34.41:429][770]LogModuleManager: Shutting down and abandoning module SteamVR (114)
[2019.06.20-19.34.41:429][770]LogModuleManager: Shutting down and abandoning module ProceduralMeshComponent (112)
[2019.06.20-19.34.41:429][770]LogModuleManager: Shutting down and abandoning module OculusLibrary (110)
[2019.06.20-19.34.41:429][770]LogModuleManager: Shutting down and abandoning module OculusInput (108)
[2019.06.20-19.34.41:429][770]LogModuleManager: Shutting down and abandoning module MobilePatchingUtils (106)
[2019.06.20-19.34.41:429][770]LogModuleManager: Shutting down and abandoning module CustomMeshComponent (104)
[2019.06.20-19.34.41:429][770]LogModuleManager: Shutting down and abandoning module CableComponent (102)
[2019.06.20-19.34.41:429][770]LogModuleManager: Shutting down and abandoning module ArchVisCharacter (100)
[2019.06.20-19.34.41:429][770]LogModuleManager: Shutting down and abandoning module AndroidPermission (98)
[2019.06.20-19.34.41:429][770]LogModuleManager: Shutting down and abandoning module UdpMessaging (96)
[2019.06.20-19.34.41:429][770]LogModuleManager: Shutting down and abandoning module TcpMessaging (94)
[2019.06.20-19.34.41:429][770]LogModuleManager: Shutting down and abandoning module FacialAnimation (92)
[2019.06.20-19.34.41:429][770]LogModuleManager: Shutting down and abandoning module LightPropagationVolumeRuntime (90)
[2019.06.20-19.34.41:429][770]LogModuleManager: Shutting down and abandoning module PhysXVehicles (88)
[2019.06.20-19.34.41:429][770]LogModuleManager: Shutting down and abandoning module LocationServicesBPLibrary (86)
[2019.06.20-19.34.41:429][770]LogModuleManager: Shutting down and abandoning module ImmediatePhysics (84)
[2019.06.20-19.34.41:429][770]LogModuleManager: Shutting down and abandoning module Paper2D (82)
[2019.06.20-19.34.41:429][770]LogModuleManager: Shutting down and abandoning module WmfMedia (80)
[2019.06.20-19.34.41:429][770]LogModuleManager: Shutting down and abandoning module WindowsMoviePlayer (78)
[2019.06.20-19.34.41:430][770]LogModuleManager: Shutting down and abandoning module ClothingSystemRuntime (76)
[2019.06.20-19.34.41:430][770]LogModuleManager: Shutting down and abandoning module MediaAssets (74)
[2019.06.20-19.34.41:430][770]LogModuleManager: Shutting down and abandoning module GameLiveStreaming (72)
[2019.06.20-19.34.41:430][770]LogModuleManager: Shutting down and abandoning module UMG (70)
[2019.06.20-19.34.41:430][770]LogModuleManager: Shutting down and abandoning module SlateReflector (68)
[2019.06.20-19.34.41:431][770]LogModuleManager: Shutting down and abandoning module Slate (66)
[2019.06.20-19.34.41:431][770]LogModuleManager: Shutting down and abandoning module Messaging (64)
[2019.06.20-19.34.41:431][770]LogModuleManager: Shutting down and abandoning module HeadMountedDisplay (62)
[2019.06.20-19.34.41:431][770]LogModuleManager: Shutting down and abandoning module XAudio2 (60)
[2019.06.20-19.34.41:431][770]LogModuleManager: Shutting down and abandoning module Networking (58)
[2019.06.20-19.34.41:431][770]LogModuleManager: Shutting down and abandoning module Core (54)
[2019.06.20-19.34.41:431][770]LogModuleManager: Shutting down and abandoning module LevelSequence (52)
[2019.06.20-19.34.41:431][770]LogModuleManager: Shutting down and abandoning module AssetRegistry (50)
[2019.06.20-19.34.41:432][770]LogModuleManager: Shutting down and abandoning module ImageWrapper (48)
[2019.06.20-19.34.41:432][770]LogModuleManager: Shutting down and abandoning module InputCore (46)
[2019.06.20-19.34.41:432][770]LogModuleManager: Shutting down and abandoning module OnlineSubsystem (42)
[2019.06.20-19.34.41:432][770]LogOnline:Display: Unloading online subsystem: NULL
[2019.06.20-19.34.41:432][770]LogModuleManager: Shutting down and abandoning module HTTP (41)
[2019.06.20-19.34.41:432][770]LogHttp:Display: Http module shutting down, but needs to wait on 1 outstanding Http requests:
[2019.06.20-19.34.41:432][770]LogHttp:Display: 	verb=[POST] url=[https://datarouter.ol.epicgames.com/datarouter/api/v1/public/data?SessionID=%7B601BE64D-4212-1169-94F5-BEAD03DEFCD4%7D&AppID=UEGame.Rocket.Release%7C0A65C93B492BD1A82165D19BE7555F02%7CThird%20Person%20BP%20Game%20Template&AppVersion=4.16.3-3561208%2B%2B%2BUE4%2BRelease-4.16&UserID=ANON-%7B8C8039B8-495C-0EFB-B774-F8B542342657%7D%7C%7C&AppEnvironment=datacollector-binary&UploadType=eteventstream] status=Processing
[2019.06.20-19.34.41:446][770]LogModuleManager: Shutting down and abandoning module SSL (40)
[2019.06.20-19.34.41:446][770]LogModuleManager: Shutting down and abandoning module HTTPChunkInstaller (36)
[2019.06.20-19.34.41:446][770]LogModuleManager: Shutting down and abandoning module OculusRift (34)
[2019.06.20-19.34.41:446][770]LogModuleManager: Shutting down and abandoning module ExampleDeviceProfileSelector (32)
[2019.06.20-19.34.41:446][770]LogModuleManager: Shutting down and abandoning module GearVRController (30)
[2019.06.20-19.34.41:446][770]LogModuleManager: Shutting down and abandoning module GearVR (28)
[2019.06.20-19.34.41:446][770]LogModuleManager: Shutting down and abandoning module ShaderCore (26)
[2019.06.20-19.34.41:446][770]LogModuleManager: Shutting down and abandoning module Landscape (24)
[2019.06.20-19.34.41:446][770]LogModuleManager: Shutting down and abandoning module SlateRHIRenderer (22)
[2019.06.20-19.34.41:447][770]LogModuleManager: Shutting down and abandoning module OpenGLDrv (20)
[2019.06.20-19.34.41:447][770]LogModuleManager: Shutting down and abandoning module D3D11RHI (18)
[2019.06.20-19.34.41:447][770]LogModuleManager: Shutting down and abandoning module AnimGraphRuntime (16)
[2019.06.20-19.34.41:447][770]LogModuleManager: Shutting down and abandoning module Renderer (14)
[2019.06.20-19.34.41:447][770]LogModuleManager: Shutting down and abandoning module Engine (12)
[2019.06.20-19.34.41:447][770]LogModuleManager: Shutting down and abandoning module CoreUObject (10)
[2019.06.20-19.34.41:447][770]LogModuleManager: Shutting down and abandoning module NetworkFile (8)
[2019.06.20-19.34.41:447][770]LogModuleManager: Shutting down and abandoning module StreamingFile (6)
[2019.06.20-19.34.41:447][770]LogModuleManager: Shutting down and abandoning module SandboxFile (4)
[2019.06.20-19.34.41:447][770]LogModuleManager: Shutting down and abandoning module PakFile (2)
[2019.06.20-19.34.41:447][770]LogSlate: HittestGrid destroyed
[2019.06.20-19.34.41:447][770]LogSlate: HittestGrid destroyed
[2019.06.20-19.34.41:449][770]LogExit: Exiting.
[2019.06.20-19.34.41:450][770]Log file closed, 06/20/19 21:34:41
